<?xml version="1.0" encoding="UTF-8"?>
<!-- Generated by org.testng.reporters.JUnitReportReporter -->
<testsuite hostname="DELLi310GEN" failures="0" tests="1" name="testPackage.ExtentReportsExample" time="5.525" errors="0" timestamp="2023-11-12T17:13:58 IST" skipped="0">
  <testcase classname="testPackage.ExtentReportsExample" name="sampleTest" time="5.525"/>
  <system-out/>
</testsuite> <!-- testPackage.ExtentReportsExample -->
