<?xml version="1.0" encoding="UTF-8"?>
<!-- Generated by org.testng.reporters.JUnitReportReporter -->
<testsuite hostname="DELLi310GEN" failures="0" tests="1" name="testPackage.Test1" time="6.397" errors="0" timestamp="2023-10-25T21:57:21 IST" skipped="0">
  <testcase classname="testPackage.Test1" name="TestCase_1" time="6.397"/>
  <system-out/>
</testsuite> <!-- testPackage.Test1 -->
