<?xml version="1.0" encoding="UTF-8"?>
<!-- Generated by org.testng.reporters.JUnitReportReporter -->
<testsuite hostname="DELLi310GEN" failures="0" tests="2" name="automationScripts.LoginModule2" time="13.168" errors="0" timestamp="2023-11-09T21:49:03 IST" skipped="0">
  <testcase classname="automationScripts.LoginModule2" name="TC1_ValidLogin" time="6.513"/>
  <system-out/>
  <testcase classname="automationScripts.LoginModule2" name="TC2_ValidLogin" time="6.655"/>
  <system-out/>
</testsuite> <!-- automationScripts.LoginModule2 -->
