<?xml version="1.0" encoding="UTF-8"?>
<!-- Generated by org.testng.reporters.JUnitReportReporter -->
<testsuite hostname="DELLi310GEN" failures="0" tests="1" name="testPackage.TestClass" time="0.027" errors="0" timestamp="2023-10-19T16:49:57 IST" skipped="0">
  <testcase classname="testPackage.TestClass" name="TestCase_2" time="0.027"/>
  <system-out/>
</testsuite> <!-- testPackage.TestClass -->
