<?xml version="1.0" encoding="UTF-8"?>
<!-- Generated by org.testng.reporters.JUnitReportReporter -->
<testsuite hostname="DELLi310GEN" failures="0" tests="2" name="automationScripts.TC1_Login" time="17.133" errors="0" timestamp="2023-10-20T09:51:47 IST" skipped="0">
  <testcase classname="automationScripts.TC1_Login" name="Login_TestCase" time="7.555"/>
  <system-out/>
  <testcase classname="automationScripts.TC1_Login" name="Login_TestCase" time="9.578"/>
  <system-out/>
</testsuite> <!-- automationScripts.TC1_Login -->
