<?xml version="1.0" encoding="UTF-8"?>
<!-- Generated by org.testng.reporters.JUnitReportReporter -->
<testsuite hostname="DELLi310GEN" failures="0" tests="2" name="testPackage.ET_1" time="0.594" errors="0" timestamp="2023-10-26T18:16:31 IST" skipped="0">
  <testcase classname="testPackage.ET_1" name="TestCase_1" time="0.061"/>
  <system-out/>
  <testcase classname="testPackage.ET_1" name="TestCase_2" time="0.533"/>
  <system-out/>
</testsuite> <!-- testPackage.ET_1 -->
