<?xml version="1.0" encoding="UTF-8"?>
<!-- Generated by org.testng.reporters.JUnitReportReporter -->
<testsuite hostname="DELLi310GEN" failures="0" tests="1" name="automationScripts.LoginModule1" time="8.912" errors="0" timestamp="2023-10-25T19:40:46 IST" skipped="0">
  <testcase classname="automationScripts.LoginModule1" name="TestCase_1" time="8.912"/>
  <system-out/>
</testsuite> <!-- automationScripts.LoginModule1 -->
