<?xml version="1.0" encoding="UTF-8"?>
<!-- Generated by org.testng.reporters.JUnitReportReporter -->
<testsuite hostname="DELLi310GEN" failures="0" tests="4" name="automationScripts.LoginModule" time="22.455" errors="0" timestamp="2023-11-19T11:36:20 IST" skipped="0">
  <testcase classname="automationScripts.LoginModule" name="TC4_RESET" time="6.850"/>
  <system-out/>
  <testcase classname="automationScripts.LoginModule" name="TC1_ValidLogin" time="5.018"/>
  <system-out/>
  <testcase classname="automationScripts.LoginModule" name="TC3_InvalidLogin" time="4.740"/>
  <system-out/>
  <testcase classname="automationScripts.LoginModule" name="TC2_Logout" time="5.847"/>
  <system-out/>
</testsuite> <!-- automationScripts.LoginModule -->
