<?xml version="1.0" encoding="UTF-8"?>
<!-- Generated by org.testng.reporters.JUnitReportReporter -->
<testsuite hostname="DELLi310GEN" failures="0" tests="3" name="testPackage.TestClass1" time="0.011" errors="0" timestamp="2023-11-09T09:31:44 IST" skipped="0">
  <testcase classname="testPackage.TestClass1" name="TestCase_1" time="0.007"/>
  <system-out/>
  <testcase classname="testPackage.TestClass1" name="TestCase_1" time="0.001"/>
  <system-out/>
  <testcase classname="testPackage.TestClass1" name="TestCase_1" time="0.003"/>
  <system-out/>
</testsuite> <!-- testPackage.TestClass1 -->
