<?xml version="1.0" encoding="UTF-8"?>
<!-- Generated by org.testng.reporters.JUnitReportReporter -->
<testsuite hostname="DELLi310GEN" failures="0" tests="4" name="automationScripts.LoginModule" time="24.096" errors="0" timestamp="2023-11-19T20:12:02 IST" skipped="0">
  <testcase classname="automationScripts.LoginModule" name="TC2_Logout" time="6.392"/>
  <system-out/>
  <testcase classname="automationScripts.LoginModule" name="TC4_RESET" time="4.637"/>
  <system-out/>
  <testcase classname="automationScripts.LoginModule" name="TC3_InvalidLogin" time="5.433"/>
  <system-out/>
  <testcase classname="automationScripts.LoginModule" name="TC1_ValidLogin" time="7.634"/>
  <system-out/>
</testsuite> <!-- automationScripts.LoginModule -->
