<?xml version="1.0" encoding="UTF-8"?>
<!-- Generated by org.testng.reporters.JUnitReportReporter -->
<testsuite hostname="DELLi310GEN" failures="0" tests="3" name="testPackage.TestClass2" time="0.008" errors="0" timestamp="2023-10-25T21:57:21 IST" skipped="0">
  <testcase classname="testPackage.TestClass2" name="TestCase_2" time="0.005"/>
  <system-out/>
  <testcase classname="testPackage.TestClass2" name="TestCase_2" time="0.002"/>
  <system-out/>
  <testcase classname="testPackage.TestClass2" name="TestCase_2" time="0.001"/>
  <system-out/>
</testsuite> <!-- testPackage.TestClass2 -->
