<?xml version="1.0" encoding="UTF-8"?>
<!-- Generated by org.testng.reporters.JUnitReportReporter -->
<testsuite hostname="DELLi310GEN" failures="0" tests="7" name="automationScripts.HomePageModule" time="41.414" errors="0" timestamp="2023-11-19T11:25:12 IST" skipped="0">
  <testcase classname="automationScripts.HomePageModule" name="TC7_AccessToStockCategoriesPage" time="5.943"/>
  <system-out/>
  <testcase classname="automationScripts.HomePageModule" name="TC10_AccessToPurchasesPage" time="5.599"/>
  <system-out/>
  <testcase classname="automationScripts.HomePageModule" name="TC9_AccessToSuppliersPage" time="5.808"/>
  <system-out/>
  <testcase classname="automationScripts.HomePageModule" name="TC8_AccessToUOMPage" time="6.421"/>
  <system-out/>
  <testcase classname="automationScripts.HomePageModule" name="TC11_AccessToSalesPage" time="5.890"/>
  <system-out/>
  <testcase classname="automationScripts.HomePageModule" name="TC5_AccessToStockItemsPage" time="6.036"/>
  <system-out/>
  <testcase classname="automationScripts.HomePageModule" name="TC6_AccessToCustomersPage" time="5.717"/>
  <system-out/>
</testsuite> <!-- automationScripts.HomePageModule -->
